<?xml version="1.0" encoding="UTF-8"?>
<robot generated="20160411 21:31:08.463" generator="Robot 3.0 (Python 2.7.6 on win32)">
<suite source="C:\Users\koperek\PycharmProjects\Ryanair\tests\test.robot" id="s1" name="Test">
<test id="s1-t1" name="Test Payment">
<kw name="Given I make a booking from 'DUB' to 'SXF' on '11/03/2016' for '2' adults and '1' child">
<kw name="verify_payment.Payment_Verifier.fill_in_flight_details">
<arguments>
<arg>${flight_from}</arg>
<arg>${flight_to}</arg>
<arg>${flight_date}</arg>
<arg>${adults_number}</arg>
<arg>${children_number}</arg>
</arguments>
<msg timestamp="20160411 21:31:08.697" level="FAIL">No keyword with name 'verify_payment.Payment_Verifier.fill_in_flight_details' found.</msg>
<status status="FAIL" endtime="20160411 21:31:08.697" starttime="20160411 21:31:08.696"></status>
</kw>
<status status="FAIL" endtime="20160411 21:31:08.697" starttime="20160411 21:31:08.694"></status>
</kw>
<doc>Author: Bartosz Koperek</doc>
<status status="FAIL" endtime="20160411 21:31:08.697" critical="yes" starttime="20160411 21:31:08.693">No keyword with name 'verify_payment.Payment_Verifier.fill_in_flight_details' found.</status>
</test>
<status status="FAIL" endtime="20160411 21:31:08.699" starttime="20160411 21:31:08.466"></status>
</suite>
<statistics>
<total>
<stat fail="1" pass="0">Critical Tests</stat>
<stat fail="1" pass="0">All Tests</stat>
</total>
<tag>
</tag>
<suite>
<stat fail="1" id="s1" name="Test" pass="0">Test</stat>
</suite>
</statistics>
<errors>
<msg timestamp="20160411 21:31:08.690" level="ERROR">Error in file 'C:\Users\koperek\PycharmProjects\Ryanair\tests\test.robot': Importing test library 'verify_payment.Payment_Verifier' failed: ImportError: No module named Resources.home_page
Traceback (most recent call last):
  File "C:\Users\koperek\PycharmProjects\Ryanair\Resources\verify_payment.py", line 7, in &lt;module&gt;
    from Resources.home_page import HomePage
PYTHONPATH:
  C:\Users\koperek\PycharmProjects\Ryanair\Resources
  C:\Python27\lib\site-packages\setuptools-18.7.1-py2.7.egg
  C:\Python27\lib\site-packages\robotframework_selenium2library-1.7.4-py2.7.egg
  C:\WINDOWS\system32\python27.zip
  C:\Python27\DLLs
  C:\Python27\lib
  C:\Python27\lib\plat-win
  C:\Python27\lib\lib-tk
  C:\Python27
  C:\Python27\lib\site-packages
  C:\Python27\lib\site-packages\PIL
  C:\Python27\lib\site-packages\win32
  C:\Python27\lib\site-packages\win32\lib
  C:\Python27\lib\site-packages\Pythonwin
  C:\Python27\lib\site-packages\wx-3.0-msw</msg>
</errors>
</robot>
